2025-09-08 11:09:04,238 - INFO - 成功读取数据，共 2014 行，16 列
2025-09-08 11:09:04,239 - INFO - 列名: Hour, IV, INi, STiO2, SV2O5, SIR, PP, PS, CAR, CKR, OEFR, BP, CAFR, TCT, CIV, OEP
2025-09-08 11:09:04,276 - INFO - 
数据前5行:
   Hour      IV     INi  STiO2  SV2O5  ...          BP         CAFR          TCT   CIV         OEP
0     0  0.2823  0.0213   7.44  0.254  ...  768.068674  5605.513870  2326.602081  42.0  768.068674
1     1  0.2730  0.0183   7.44  0.254  ...  770.092072  5561.472796  2309.748039  42.8  770.092072
2     2  0.2747  0.0213   7.49  0.254  ...  769.423963  5556.940583  2301.038262  46.0  771.033439
3     3  0.2742  0.0218   7.49  0.254  ...  768.101827  5532.045072  2290.653404  46.0  769.423963
4     4  0.2657  0.0207   7.49  0.254  ...  769.376745  5457.962983  2267.106588  48.0  768.101827

[5 rows x 16 columns]
2025-09-08 11:09:04,352 - INFO - 
数据统计描述:
              Hour           IV          INi  ...            TCT          CIV          OEP
count  2014.000000  2014.000000  2014.000000  ...    2014.000000  2014.000000  2014.000000
mean     11.550149     0.231372     0.017304  ...    2242.289993    36.080021   792.417215
std       6.926856     0.032750     0.003275  ...    2881.514443     7.198318    26.958201
min       0.000000     0.135800     0.007500  ... -114782.289700     0.000000   714.434015
25%       6.000000     0.206200     0.015200  ...    2301.032723    33.000000   770.573555
50%      12.000000     0.228000     0.017300  ...    2329.066412    37.000000   786.284262
75%      18.000000     0.257200     0.019000  ...    2364.311746    41.000000   808.685581
max      23.000000     0.333000     0.084000  ...    2581.279118    50.000000   862.578666

[8 rows x 16 columns]
2025-09-08 11:09:04,354 - INFO - 使用工业范围 PS: [120, 180]
2025-09-08 11:09:04,354 - INFO - 使用工业范围 OEFR: [1.0, 2.0]
2025-09-08 11:09:04,354 - INFO - 使用工业范围 SIR: [0.5, 1.5]
2025-09-08 11:09:04,355 - INFO - 使用工业范围 PP: [100, 200]
2025-09-08 11:09:04,355 - INFO - 使用工业范围 TCT: [1850, 1950]
2025-09-08 11:09:04,355 - INFO - 使用工业范围 CIV: [0.5, 1.5]
2025-09-08 11:09:04,356 - INFO - 使用工业范围 CKR: [300, 400]
2025-09-08 11:09:04,356 - INFO - 使用工业范围 CAFR: [1.0, 3.0]
2025-09-08 11:09:04,356 - INFO - 生成 1000 个Sobol样本...
2025-09-08 11:09:04,490 - INFO - 样本生成完成，形状: (18000, 8)
2025-09-08 11:09:06,767 - INFO - 预测Sobol样本的输出...
2025-09-08 11:09:06,869 - INFO - 预测完成
2025-09-08 11:09:06,870 - INFO - 执行Sobol敏感性分析...
2025-09-08 11:09:07,541 - INFO - 分析完成
2025-09-08 11:09:07,541 - INFO - 
一阶敏感性指数 (S1):
2025-09-08 11:09:07,542 - INFO - PS: 0.000000 ± 0.000000
2025-09-08 11:09:07,542 - INFO - OEFR: 0.000000 ± 0.000000
2025-09-08 11:09:07,542 - INFO - SIR: 0.000000 ± 0.000000
2025-09-08 11:09:07,543 - INFO - PP: 0.000000 ± 0.000000
2025-09-08 11:09:07,543 - INFO - TCT: 0.000000 ± 0.000000
2025-09-08 11:09:07,543 - INFO - CIV: 0.000000 ± 0.000000
2025-09-08 11:09:07,544 - INFO - CKR: 1.021545 ± 0.131251
2025-09-08 11:09:07,544 - INFO - CAFR: 0.000000 ± 0.000000
2025-09-08 11:09:07,544 - INFO - 
总敏感性指数 (ST):
2025-09-08 11:09:07,545 - INFO - PS: 0.000000 ± 0.000000
2025-09-08 11:09:07,545 - INFO - OEFR: 0.000000 ± 0.000000
2025-09-08 11:09:07,545 - INFO - SIR: 0.000000 ± 0.000000
2025-09-08 11:09:07,545 - INFO - PP: 0.000000 ± 0.000000
2025-09-08 11:09:07,546 - INFO - TCT: 0.000000 ± 0.000000
2025-09-08 11:09:07,546 - INFO - CIV: 0.000000 ± 0.000000
2025-09-08 11:09:07,546 - INFO - CKR: 1.016964 ± 0.050283
2025-09-08 11:09:07,547 - INFO - CAFR: 0.000000 ± 0.000000
2025-09-08 11:15:06,145 - INFO - 成功读取数据，共 2014 行，16 列
2025-09-08 11:15:06,146 - INFO - 列名: Hour, IV, INi, STiO2, SV2O5, SIR, PP, PS, CAR, CKR, OEFR, BP, CAFR, TCT, CIV, OEP
2025-09-08 11:15:06,181 - INFO - 
数据前5行:
   Hour      IV     INi  STiO2  SV2O5  ...          BP         CAFR          TCT   CIV         OEP
0     0  0.2823  0.0213   7.44  0.254  ...  768.068674  5605.513870  2326.602081  42.0  768.068674
1     1  0.2730  0.0183   7.44  0.254  ...  770.092072  5561.472796  2309.748039  42.8  770.092072
2     2  0.2747  0.0213   7.49  0.254  ...  769.423963  5556.940583  2301.038262  46.0  771.033439
3     3  0.2742  0.0218   7.49  0.254  ...  768.101827  5532.045072  2290.653404  46.0  769.423963
4     4  0.2657  0.0207   7.49  0.254  ...  769.376745  5457.962983  2267.106588  48.0  768.101827

[5 rows x 16 columns]
2025-09-08 11:15:06,256 - INFO - 
数据统计描述:
              Hour           IV          INi  ...            TCT          CIV          OEP
count  2014.000000  2014.000000  2014.000000  ...    2014.000000  2014.000000  2014.000000
mean     11.550149     0.231372     0.017304  ...    2242.289993    36.080021   792.417215
std       6.926856     0.032750     0.003275  ...    2881.514443     7.198318    26.958201
min       0.000000     0.135800     0.007500  ... -114782.289700     0.000000   714.434015
25%       6.000000     0.206200     0.015200  ...    2301.032723    33.000000   770.573555
50%      12.000000     0.228000     0.017300  ...    2329.066412    37.000000   786.284262
75%      18.000000     0.257200     0.019000  ...    2364.311746    41.000000   808.685581
max      23.000000     0.333000     0.084000  ...    2581.279118    50.000000   862.578666

[8 rows x 16 columns]
2025-09-08 11:15:06,258 - INFO - 使用工业范围 PS: [120, 180]
2025-09-08 11:15:06,259 - INFO - 使用工业范围 OEFR: [1.0, 2.0]
2025-09-08 11:15:06,259 - INFO - 使用工业范围 SIR: [0.5, 1.5]
2025-09-08 11:15:06,259 - INFO - 使用工业范围 PP: [100, 200]
2025-09-08 11:15:06,260 - INFO - 使用工业范围 TCT: [1850, 1950]
2025-09-08 11:15:06,260 - INFO - 使用工业范围 CIV: [0.5, 1.5]
2025-09-08 11:15:06,260 - INFO - 使用工业范围 CKR: [300, 400]
2025-09-08 11:15:06,261 - INFO - 使用工业范围 CAFR: [1.0, 3.0]
2025-09-08 11:15:06,261 - INFO - 生成 1000 个Sobol样本...
2025-09-08 11:15:06,409 - INFO - 样本生成完成，形状: (18000, 8)
2025-09-08 11:15:08,744 - INFO - 预测Sobol样本的输出...
2025-09-08 11:15:08,884 - INFO - 预测完成
2025-09-08 11:15:08,884 - INFO - 执行Sobol敏感性分析...
2025-09-08 11:15:09,595 - INFO - 分析完成
2025-09-08 11:15:09,596 - INFO - 
一阶敏感性指数 (S1):
2025-09-08 11:15:09,597 - INFO - PS: 0.000000 ± 0.000000
2025-09-08 11:15:09,597 - INFO - OEFR: 0.000000 ± 0.000000
2025-09-08 11:15:09,597 - INFO - SIR: 0.000000 ± 0.000000
2025-09-08 11:15:09,598 - INFO - PP: 0.000000 ± 0.000000
2025-09-08 11:15:09,598 - INFO - TCT: 0.000000 ± 0.000000
2025-09-08 11:15:09,598 - INFO - CIV: 0.000000 ± 0.000000
2025-09-08 11:15:09,599 - INFO - CKR: 0.990468 ± 0.129349
2025-09-08 11:15:09,600 - INFO - CAFR: 0.000000 ± 0.000000
2025-09-08 11:15:09,600 - INFO - 
总敏感性指数 (ST):
2025-09-08 11:15:09,600 - INFO - PS: 0.000000 ± 0.000000
2025-09-08 11:15:09,601 - INFO - OEFR: 0.000000 ± 0.000000
2025-09-08 11:15:09,601 - INFO - SIR: 0.000000 ± 0.000000
2025-09-08 11:15:09,602 - INFO - PP: 0.000000 ± 0.000000
2025-09-08 11:15:09,602 - INFO - TCT: 0.000000 ± 0.000000
2025-09-08 11:15:09,602 - INFO - CIV: 0.000000 ± 0.000000
2025-09-08 11:15:09,603 - INFO - CKR: 0.987959 ± 0.056976
2025-09-08 11:15:09,603 - INFO - CAFR: 0.000000 ± 0.000000
2025-09-08 11:19:37,709 - INFO - 成功读取数据，共 2014 行，16 列
2025-09-08 11:19:37,709 - INFO - 列名: Hour, IV, INi, STiO2, SV2O5, SIR, PP, PS, CAR, CKR, OEFR, BP, CAFR, TCT, CIV, OEP
2025-09-08 11:19:37,742 - INFO - 
数据前5行:
   Hour      IV     INi  STiO2  SV2O5  ...          BP         CAFR          TCT   CIV         OEP
0     0  0.2823  0.0213   7.44  0.254  ...  768.068674  5605.513870  2326.602081  42.0  768.068674
1     1  0.2730  0.0183   7.44  0.254  ...  770.092072  5561.472796  2309.748039  42.8  770.092072
2     2  0.2747  0.0213   7.49  0.254  ...  769.423963  5556.940583  2301.038262  46.0  771.033439
3     3  0.2742  0.0218   7.49  0.254  ...  768.101827  5532.045072  2290.653404  46.0  769.423963
4     4  0.2657  0.0207   7.49  0.254  ...  769.376745  5457.962983  2267.106588  48.0  768.101827

[5 rows x 16 columns]
2025-09-08 11:19:37,817 - INFO - 
数据统计描述:
              Hour           IV          INi  ...            TCT          CIV          OEP
count  2014.000000  2014.000000  2014.000000  ...    2014.000000  2014.000000  2014.000000
mean     11.550149     0.231372     0.017304  ...    2242.289993    36.080021   792.417215
std       6.926856     0.032750     0.003275  ...    2881.514443     7.198318    26.958201
min       0.000000     0.135800     0.007500  ... -114782.289700     0.000000   714.434015
25%       6.000000     0.206200     0.015200  ...    2301.032723    33.000000   770.573555
50%      12.000000     0.228000     0.017300  ...    2329.066412    37.000000   786.284262
75%      18.000000     0.257200     0.019000  ...    2364.311746    41.000000   808.685581
max      23.000000     0.333000     0.084000  ...    2581.279118    50.000000   862.578666

[8 rows x 16 columns]
2025-09-08 11:19:37,818 - INFO - 使用工业范围 PS: [120, 180]
2025-09-08 11:19:37,819 - INFO - 使用工业范围 OEFR: [1.0, 2.0]
2025-09-08 11:19:37,819 - INFO - 使用工业范围 SIR: [0.5, 1.5]
2025-09-08 11:19:37,819 - INFO - 使用工业范围 PP: [100, 200]
2025-09-08 11:19:37,819 - INFO - 使用工业范围 TCT: [1850, 1950]
2025-09-08 11:19:37,820 - INFO - 使用工业范围 CIV: [0.5, 1.5]
2025-09-08 11:19:37,820 - INFO - 使用工业范围 CKR: [300, 400]
2025-09-08 11:19:37,820 - INFO - 使用工业范围 CAFR: [1.0, 3.0]
2025-09-08 11:19:37,821 - INFO - 生成 1000 个Sobol样本...
2025-09-08 11:19:37,952 - INFO - 样本生成完成，形状: (18000, 8)
2025-09-08 11:19:40,194 - INFO - 预测Sobol样本的输出...
2025-09-08 11:19:40,302 - INFO - 预测完成
2025-09-08 11:19:40,303 - INFO - 执行Sobol敏感性分析...
2025-09-08 11:19:40,939 - INFO - 分析完成
2025-09-08 11:19:40,940 - INFO - 
一阶敏感性指数 (S1):
2025-09-08 11:19:40,940 - INFO - PS: 0.000000 ± 0.000000
2025-09-08 11:19:40,940 - INFO - OEFR: 0.000000 ± 0.000000
2025-09-08 11:19:40,941 - INFO - SIR: 0.000000 ± 0.000000
2025-09-08 11:19:40,941 - INFO - PP: 0.000000 ± 0.000000
2025-09-08 11:19:40,941 - INFO - TCT: 0.000000 ± 0.000000
2025-09-08 11:19:40,942 - INFO - CIV: 0.000000 ± 0.000000
2025-09-08 11:19:40,942 - INFO - CKR: 1.030559 ± 0.134938
2025-09-08 11:19:40,943 - INFO - CAFR: 0.000000 ± 0.000000
2025-09-08 11:19:40,943 - INFO - 
总敏感性指数 (ST):
2025-09-08 11:19:40,943 - INFO - PS: 0.000000 ± 0.000000
2025-09-08 11:19:40,944 - INFO - OEFR: 0.000000 ± 0.000000
2025-09-08 11:19:40,944 - INFO - SIR: 0.000000 ± 0.000000
2025-09-08 11:19:40,944 - INFO - PP: 0.000000 ± 0.000000
2025-09-08 11:19:40,945 - INFO - TCT: 0.000000 ± 0.000000
2025-09-08 11:19:40,945 - INFO - CIV: 0.000000 ± 0.000000
2025-09-08 11:19:40,946 - INFO - CKR: 1.031708 ± 0.061690
2025-09-08 11:19:40,946 - INFO - CAFR: 0.000000 ± 0.000000
2025-09-08 12:00:13,530 - INFO - 成功读取数据，共 2014 行，16 列
2025-09-08 12:00:13,530 - INFO - 列名: Hour, IV, INi, STiO2, SV2O5, SIR, PP, PS, CAR, CKR, OEFR, BP, CAFR, TCT, CIV, OEP
2025-09-08 12:00:13,567 - INFO - 
数据前5行:
   Hour      IV     INi  STiO2  SV2O5  ...          BP         CAFR          TCT   CIV         OEP
0     0  0.2823  0.0213   7.44  0.254  ...  768.068674  5605.513870  2326.602081  42.0  768.068674
1     1  0.2730  0.0183   7.44  0.254  ...  770.092072  5561.472796  2309.748039  42.8  770.092072
2     2  0.2747  0.0213   7.49  0.254  ...  769.423963  5556.940583  2301.038262  46.0  771.033439
3     3  0.2742  0.0218   7.49  0.254  ...  768.101827  5532.045072  2290.653404  46.0  769.423963
4     4  0.2657  0.0207   7.49  0.254  ...  769.376745  5457.962983  2267.106588  48.0  768.101827

[5 rows x 16 columns]
2025-09-08 12:00:13,635 - INFO - 
数据统计描述:
              Hour           IV          INi  ...            TCT          CIV          OEP
count  2014.000000  2014.000000  2014.000000  ...    2014.000000  2014.000000  2014.000000
mean     11.550149     0.231372     0.017304  ...    2242.289993    36.080021   792.417215
std       6.926856     0.032750     0.003275  ...    2881.514443     7.198318    26.958201
min       0.000000     0.135800     0.007500  ... -114782.289700     0.000000   714.434015
25%       6.000000     0.206200     0.015200  ...    2301.032723    33.000000   770.573555
50%      12.000000     0.228000     0.017300  ...    2329.066412    37.000000   786.284262
75%      18.000000     0.257200     0.019000  ...    2364.311746    41.000000   808.685581
max      23.000000     0.333000     0.084000  ...    2581.279118    50.000000   862.578666

[8 rows x 16 columns]
2025-09-08 12:00:13,637 - INFO - 使用工业范围 PS: [120, 180]
2025-09-08 12:00:13,637 - INFO - 使用工业范围 OEFR: [1.0, 2.0]
2025-09-08 12:00:13,638 - INFO - 使用工业范围 SIR: [0.5, 1.5]
2025-09-08 12:00:13,638 - INFO - 使用工业范围 PP: [100, 200]
2025-09-08 12:00:13,638 - INFO - 使用工业范围 TCT: [1850, 1950]
2025-09-08 12:00:13,639 - INFO - 使用工业范围 CIV: [0.5, 1.5]
2025-09-08 12:00:13,639 - INFO - 使用工业范围 CKR: [300, 400]
2025-09-08 12:00:13,639 - INFO - 使用工业范围 CAFR: [1.0, 3.0]
2025-09-08 12:00:13,640 - INFO - 生成 1000 个Sobol样本...
2025-09-08 12:00:13,783 - INFO - 样本生成完成，形状: (18000, 8)
2025-09-08 12:00:16,040 - INFO - 预测Sobol样本的输出...
2025-09-08 12:00:16,159 - INFO - 预测完成
2025-09-08 12:00:16,159 - INFO - 执行Sobol敏感性分析...
2025-09-08 12:00:16,790 - INFO - 分析完成
2025-09-08 12:00:16,790 - INFO - 
一阶敏感性指数 (S1):
2025-09-08 12:00:16,791 - INFO - PS: 0.000000 ± 0.000000
2025-09-08 12:00:16,791 - INFO - OEFR: 0.000000 ± 0.000000
2025-09-08 12:00:16,792 - INFO - SIR: 0.000000 ± 0.000000
2025-09-08 12:00:16,792 - INFO - PP: 0.000000 ± 0.000000
2025-09-08 12:00:16,792 - INFO - TCT: 0.000000 ± 0.000000
2025-09-08 12:00:16,793 - INFO - CIV: 0.000000 ± 0.000000
2025-09-08 12:00:16,793 - INFO - CKR: 0.998553 ± 0.111104
2025-09-08 12:00:16,794 - INFO - CAFR: 0.000000 ± 0.000000
2025-09-08 12:00:16,794 - INFO - 
总敏感性指数 (ST):
2025-09-08 12:00:16,794 - INFO - PS: 0.000000 ± 0.000000
2025-09-08 12:00:16,795 - INFO - OEFR: 0.000000 ± 0.000000
2025-09-08 12:00:16,795 - INFO - SIR: 0.000000 ± 0.000000
2025-09-08 12:00:16,795 - INFO - PP: 0.000000 ± 0.000000
2025-09-08 12:00:16,796 - INFO - TCT: 0.000000 ± 0.000000
2025-09-08 12:00:16,796 - INFO - CIV: 0.000000 ± 0.000000
2025-09-08 12:00:16,797 - INFO - CKR: 0.994610 ± 0.055355
2025-09-08 12:00:16,797 - INFO - CAFR: 0.000000 ± 0.000000
2025-09-08 12:12:40,099 - INFO - 成功读取数据，共 2014 行，16 列
2025-09-08 12:12:40,099 - INFO - 列名: Hour, IV, INi, STiO2, SV2O5, SIR, PP, PS, CAR, CKR, OEFR, BP, CAFR, TCT, CIV, OEP
2025-09-08 12:12:40,141 - INFO - 
数据前5行:
   Hour      IV     INi  STiO2  SV2O5  ...          BP         CAFR          TCT   CIV         OEP
0     0  0.2823  0.0213   7.44  0.254  ...  768.068674  5605.513870  2326.602081  42.0  768.068674
1     1  0.2730  0.0183   7.44  0.254  ...  770.092072  5561.472796  2309.748039  42.8  770.092072
2     2  0.2747  0.0213   7.49  0.254  ...  769.423963  5556.940583  2301.038262  46.0  771.033439
3     3  0.2742  0.0218   7.49  0.254  ...  768.101827  5532.045072  2290.653404  46.0  769.423963
4     4  0.2657  0.0207   7.49  0.254  ...  769.376745  5457.962983  2267.106588  48.0  768.101827

[5 rows x 16 columns]
2025-09-08 12:12:40,209 - INFO - 
数据统计描述:
              Hour           IV          INi  ...            TCT          CIV          OEP
count  2014.000000  2014.000000  2014.000000  ...    2014.000000  2014.000000  2014.000000
mean     11.550149     0.231372     0.017304  ...    2242.289993    36.080021   792.417215
std       6.926856     0.032750     0.003275  ...    2881.514443     7.198318    26.958201
min       0.000000     0.135800     0.007500  ... -114782.289700     0.000000   714.434015
25%       6.000000     0.206200     0.015200  ...    2301.032723    33.000000   770.573555
50%      12.000000     0.228000     0.017300  ...    2329.066412    37.000000   786.284262
75%      18.000000     0.257200     0.019000  ...    2364.311746    41.000000   808.685581
max      23.000000     0.333000     0.084000  ...    2581.279118    50.000000   862.578666

[8 rows x 16 columns]
2025-09-08 12:12:40,211 - INFO - 使用工业范围 PS: [120, 180]
2025-09-08 12:12:40,211 - INFO - 使用工业范围 OEFR: [1.0, 2.0]
2025-09-08 12:12:40,212 - INFO - 使用工业范围 SIR: [0.5, 1.5]
2025-09-08 12:12:40,212 - INFO - 使用工业范围 PP: [100, 200]
2025-09-08 12:12:40,212 - INFO - 使用工业范围 TCT: [1850, 1950]
2025-09-08 12:12:40,213 - INFO - 使用工业范围 CIV: [0.5, 1.5]
2025-09-08 12:12:40,213 - INFO - 使用工业范围 CKR: [300, 400]
2025-09-08 12:12:40,213 - INFO - 使用工业范围 CAFR: [1.0, 3.0]
2025-09-08 12:12:40,214 - INFO - 生成 1000 个Sobol样本...
2025-09-08 12:12:40,359 - INFO - 样本生成完成，形状: (18000, 8)
2025-09-08 12:12:42,529 - INFO - 预测Sobol样本的输出...
2025-09-08 12:12:42,629 - INFO - 预测完成
2025-09-08 12:12:42,629 - INFO - 执行Sobol敏感性分析...
2025-09-08 12:12:43,386 - INFO - 分析完成
2025-09-08 12:12:43,386 - INFO - 
一阶敏感性指数 (S1):
2025-09-08 12:12:43,387 - INFO - PS: 0.000000 ± 0.000000
2025-09-08 12:12:43,387 - INFO - OEFR: 0.000000 ± 0.000000
2025-09-08 12:12:43,388 - INFO - SIR: 0.000000 ± 0.000000
2025-09-08 12:12:43,388 - INFO - PP: 0.000000 ± 0.000000
2025-09-08 12:12:43,388 - INFO - TCT: 0.000000 ± 0.000000
2025-09-08 12:12:43,389 - INFO - CIV: 0.000000 ± 0.000000
2025-09-08 12:12:43,389 - INFO - CKR: 1.002910 ± 0.164573
2025-09-08 12:12:43,390 - INFO - CAFR: 0.000000 ± 0.000000
2025-09-08 12:12:43,390 - INFO - 
总敏感性指数 (ST):
2025-09-08 12:12:43,390 - INFO - PS: 0.000000 ± 0.000000
2025-09-08 12:12:43,391 - INFO - OEFR: 0.000000 ± 0.000000
2025-09-08 12:12:43,391 - INFO - SIR: 0.000000 ± 0.000000
2025-09-08 12:12:43,392 - INFO - PP: 0.000000 ± 0.000000
2025-09-08 12:12:43,392 - INFO - TCT: 0.000000 ± 0.000000
2025-09-08 12:12:43,393 - INFO - CIV: 0.000000 ± 0.000000
2025-09-08 12:12:43,393 - INFO - CKR: 0.993597 ± 0.065853
2025-09-08 12:12:43,394 - INFO - CAFR: 0.000000 ± 0.000000
2025-09-08 12:17:49,198 - INFO - 成功读取数据，共 2014 行，16 列
2025-09-08 12:17:49,199 - INFO - 列名: Hour, IV, INi, STiO2, SV2O5, SIR, PP, PS, CAR, CKR, OEFR, BP, CAFR, TCT, CIV, OEP
2025-09-08 12:17:49,242 - INFO - 
数据前5行:
   Hour      IV     INi  STiO2  SV2O5  ...          BP         CAFR          TCT   CIV         OEP
0     0  0.2823  0.0213   7.44  0.254  ...  768.068674  5605.513870  2326.602081  42.0  768.068674
1     1  0.2730  0.0183   7.44  0.254  ...  770.092072  5561.472796  2309.748039  42.8  770.092072
2     2  0.2747  0.0213   7.49  0.254  ...  769.423963  5556.940583  2301.038262  46.0  771.033439
3     3  0.2742  0.0218   7.49  0.254  ...  768.101827  5532.045072  2290.653404  46.0  769.423963
4     4  0.2657  0.0207   7.49  0.254  ...  769.376745  5457.962983  2267.106588  48.0  768.101827

[5 rows x 16 columns]
2025-09-08 12:17:49,311 - INFO - 
数据统计描述:
              Hour           IV          INi  ...            TCT          CIV          OEP
count  2014.000000  2014.000000  2014.000000  ...    2014.000000  2014.000000  2014.000000
mean     11.550149     0.231372     0.017304  ...    2242.289993    36.080021   792.417215
std       6.926856     0.032750     0.003275  ...    2881.514443     7.198318    26.958201
min       0.000000     0.135800     0.007500  ... -114782.289700     0.000000   714.434015
25%       6.000000     0.206200     0.015200  ...    2301.032723    33.000000   770.573555
50%      12.000000     0.228000     0.017300  ...    2329.066412    37.000000   786.284262
75%      18.000000     0.257200     0.019000  ...    2364.311746    41.000000   808.685581
max      23.000000     0.333000     0.084000  ...    2581.279118    50.000000   862.578666

[8 rows x 16 columns]
2025-09-08 12:17:49,312 - INFO - 使用工业范围 PS: [120, 180]
2025-09-08 12:17:49,313 - INFO - 使用工业范围 OEFR: [1.0, 2.0]
2025-09-08 12:17:49,313 - INFO - 使用工业范围 SIR: [0.5, 1.5]
2025-09-08 12:17:49,313 - INFO - 使用工业范围 PP: [100, 200]
2025-09-08 12:17:49,314 - INFO - 使用工业范围 TCT: [1850, 1950]
2025-09-08 12:17:49,314 - INFO - 使用工业范围 CIV: [0.5, 1.5]
2025-09-08 12:17:49,314 - INFO - 使用工业范围 CKR: [300, 400]
2025-09-08 12:17:49,315 - INFO - 使用工业范围 CAFR: [1.0, 3.0]
2025-09-08 12:17:49,315 - INFO - 生成 1000 个Sobol样本...
2025-09-08 12:17:49,466 - INFO - 样本生成完成，形状: (18000, 8)
2025-09-08 12:17:51,775 - INFO - 预测Sobol样本的输出...
2025-09-08 12:17:51,882 - INFO - 预测完成
2025-09-08 12:17:51,883 - INFO - 执行Sobol敏感性分析...
2025-09-08 12:17:52,544 - INFO - 分析完成
2025-09-08 12:17:52,545 - INFO - 
一阶敏感性指数 (S1):
2025-09-08 12:17:52,545 - INFO - PS: 0.000000 ± 0.000000
2025-09-08 12:17:52,545 - INFO - OEFR: 0.000000 ± 0.000000
2025-09-08 12:17:52,546 - INFO - SIR: 0.000000 ± 0.000000
2025-09-08 12:17:52,546 - INFO - PP: 0.000000 ± 0.000000
2025-09-08 12:17:52,546 - INFO - TCT: 0.000000 ± 0.000000
2025-09-08 12:17:52,547 - INFO - CIV: 0.000000 ± 0.000000
2025-09-08 12:17:52,547 - INFO - CKR: 0.997516 ± 0.137890
2025-09-08 12:17:52,547 - INFO - CAFR: 0.000000 ± 0.000000
2025-09-08 12:17:52,548 - INFO - 
总敏感性指数 (ST):
2025-09-08 12:17:52,548 - INFO - PS: 0.000000 ± 0.000000
2025-09-08 12:17:52,548 - INFO - OEFR: 0.000000 ± 0.000000
2025-09-08 12:17:52,549 - INFO - SIR: 0.000000 ± 0.000000
2025-09-08 12:17:52,549 - INFO - PP: 0.000000 ± 0.000000
2025-09-08 12:17:52,549 - INFO - TCT: 0.000000 ± 0.000000
2025-09-08 12:17:52,550 - INFO - CIV: 0.000000 ± 0.000000
2025-09-08 12:17:52,550 - INFO - CKR: 1.002891 ± 0.055986
2025-09-08 12:17:52,550 - INFO - CAFR: 0.000000 ± 0.000000
2025-09-08 13:25:11,859 - INFO - 成功读取数据，共 2014 行，16 列
2025-09-08 13:25:11,861 - INFO - 列名: Hour, IV, INi, STiO2, SV2O5, SIR, PP, PS, CAR, CKR, OEFR, BP, CAFR, TCT, CIV, OEP
2025-09-08 13:25:11,939 - INFO - 
数据前5行:
   Hour      IV     INi  STiO2  SV2O5    SIR  ...         OEFR          BP         CAFR          TCT   CIV         OEP
0     0  0.2823  0.0213   7.44  0.254  2.175  ...  11925.23715  768.068674  5605.513870  2326.602081  42.0  768.068674
1     1  0.2730  0.0183   7.44  0.254  2.175  ...  11949.35845  770.092072  5561.472796  2309.748039  42.8  770.092072
2     2  0.2747  0.0213   7.49  0.254  2.175  ...  11966.23059  769.423963  5556.940583  2301.038262  46.0  771.033439
3     3  0.2742  0.0218   7.49  0.254  2.175  ...  11955.64776  768.101827  5532.045072  2290.653404  46.0  769.423963
4     4  0.2657  0.0207   7.49  0.254  2.175  ...  11933.47695  769.376745  5457.962983  2267.106588  48.0  768.101827

[5 rows x 16 columns]
2025-09-08 13:25:12,027 - INFO - 
数据统计描述:
              Hour           IV          INi        STiO2  ...         CAFR            TCT          CIV          OEP
count  2014.000000  2014.000000  2014.000000  2014.000000  ...  2014.000000    2014.000000  2014.000000  2014.000000
mean     11.550149     0.231372     0.017304     7.780842  ...  5163.743596    2242.289993    36.080021   792.417215
std       6.926856     0.032750     0.003275     1.402188  ...   387.212671    2881.514443     7.198318    26.958201
min       0.000000     0.135800     0.007500     1.180000  ...     0.000000 -114782.289700     0.000000   714.434015
25%       6.000000     0.206200     0.015200     7.010000  ...  5101.838901    2301.032723    33.000000   770.573555
50%      12.000000     0.228000     0.017300     7.850000  ...  5243.072057    2329.066412    37.000000   786.284262
75%      18.000000     0.257200     0.019000     8.630000  ...  5347.791414    2364.311746    41.000000   808.685581
max      23.000000     0.333000     0.084000    11.440000  ...  5684.106372    2581.279118    50.000000   862.578666

[8 rows x 16 columns]
2025-09-08 13:25:12,029 - INFO - 使用工业范围 PS: [120, 180]
2025-09-08 13:25:12,030 - INFO - 使用工业范围 OEFR: [1.0, 2.0]
2025-09-08 13:25:12,030 - INFO - 使用工业范围 SIR: [0.5, 1.5]
2025-09-08 13:25:12,031 - INFO - 使用工业范围 PP: [100, 200]
2025-09-08 13:25:12,031 - INFO - 使用工业范围 TCT: [1850, 1950]
2025-09-08 13:25:12,031 - INFO - 使用工业范围 CIV: [0.5, 1.5]
2025-09-08 13:25:12,032 - INFO - 使用工业范围 CKR: [300, 400]
2025-09-08 13:25:12,032 - INFO - 使用工业范围 CAFR: [1.0, 3.0]
2025-09-08 13:25:12,033 - INFO - 生成 1000 个Sobol样本...
2025-09-08 13:25:12,208 - INFO - 样本生成完成，形状: (18000, 8)
2025-09-08 13:25:15,006 - INFO - 预测Sobol样本的输出...
2025-09-08 13:25:15,135 - INFO - 预测完成
2025-09-08 13:25:15,136 - INFO - 执行Sobol敏感性分析...
2025-09-08 13:25:15,826 - INFO - 分析完成
2025-09-08 13:25:15,827 - INFO - 
一阶敏感性指数 (S1):
2025-09-08 13:25:15,828 - INFO - PS: 0.000000 ± 0.000000
2025-09-08 13:25:15,828 - INFO - OEFR: 0.000000 ± 0.000000
2025-09-08 13:25:15,829 - INFO - SIR: 0.000000 ± 0.000000
2025-09-08 13:25:15,829 - INFO - PP: 0.000000 ± 0.000000
2025-09-08 13:25:15,829 - INFO - TCT: 0.000000 ± 0.000000
2025-09-08 13:25:15,830 - INFO - CIV: 0.000000 ± 0.000000
2025-09-08 13:25:15,830 - INFO - CKR: 1.004091 ± 0.170533
2025-09-08 13:25:15,831 - INFO - CAFR: 0.000000 ± 0.000000
2025-09-08 13:25:15,831 - INFO - 
总敏感性指数 (ST):
2025-09-08 13:25:15,832 - INFO - PS: 0.000000 ± 0.000000
2025-09-08 13:25:15,833 - INFO - OEFR: 0.000000 ± 0.000000
2025-09-08 13:25:15,833 - INFO - SIR: 0.000000 ± 0.000000
2025-09-08 13:25:15,834 - INFO - PP: 0.000000 ± 0.000000
2025-09-08 13:25:15,835 - INFO - TCT: 0.000000 ± 0.000000
2025-09-08 13:25:15,836 - INFO - CIV: 0.000000 ± 0.000000
2025-09-08 13:25:15,836 - INFO - CKR: 0.992710 ± 0.054805
2025-09-08 13:25:15,837 - INFO - CAFR: 0.000000 ± 0.000000
2025-09-08 13:28:42,375 - INFO - 成功读取数据，共 2014 行，16 列
2025-09-08 13:28:42,376 - INFO - 列名: Hour, IV, INi, STiO2, SV2O5, SIR, PP, PS, CAR, CKR, OEFR, BP, CAFR, TCT, CIV, OEP
2025-09-08 13:28:42,434 - INFO - 
数据前5行:
   Hour      IV     INi  STiO2  SV2O5    SIR  ...         OEFR          BP         CAFR          TCT   CIV         OEP
0     0  0.2823  0.0213   7.44  0.254  2.175  ...  11925.23715  768.068674  5605.513870  2326.602081  42.0  768.068674
1     1  0.2730  0.0183   7.44  0.254  2.175  ...  11949.35845  770.092072  5561.472796  2309.748039  42.8  770.092072
2     2  0.2747  0.0213   7.49  0.254  2.175  ...  11966.23059  769.423963  5556.940583  2301.038262  46.0  771.033439
3     3  0.2742  0.0218   7.49  0.254  2.175  ...  11955.64776  768.101827  5532.045072  2290.653404  46.0  769.423963
4     4  0.2657  0.0207   7.49  0.254  2.175  ...  11933.47695  769.376745  5457.962983  2267.106588  48.0  768.101827

[5 rows x 16 columns]
2025-09-08 13:28:42,552 - INFO - 
数据统计描述:
              Hour           IV          INi        STiO2  ...         CAFR            TCT          CIV          OEP
count  2014.000000  2014.000000  2014.000000  2014.000000  ...  2014.000000    2014.000000  2014.000000  2014.000000
mean     11.550149     0.231372     0.017304     7.780842  ...  5163.743596    2242.289993    36.080021   792.417215
std       6.926856     0.032750     0.003275     1.402188  ...   387.212671    2881.514443     7.198318    26.958201
min       0.000000     0.135800     0.007500     1.180000  ...     0.000000 -114782.289700     0.000000   714.434015
25%       6.000000     0.206200     0.015200     7.010000  ...  5101.838901    2301.032723    33.000000   770.573555
50%      12.000000     0.228000     0.017300     7.850000  ...  5243.072057    2329.066412    37.000000   786.284262
75%      18.000000     0.257200     0.019000     8.630000  ...  5347.791414    2364.311746    41.000000   808.685581
max      23.000000     0.333000     0.084000    11.440000  ...  5684.106372    2581.279118    50.000000   862.578666

[8 rows x 16 columns]
2025-09-08 13:28:42,554 - INFO - 使用工业范围 PS: [120, 180]
2025-09-08 13:28:42,555 - INFO - 使用工业范围 OEFR: [1.0, 2.0]
2025-09-08 13:28:42,555 - INFO - 使用工业范围 SIR: [0.5, 1.5]
2025-09-08 13:28:42,556 - INFO - 使用工业范围 PP: [100, 200]
2025-09-08 13:28:42,556 - INFO - 使用工业范围 TCT: [1850, 1950]
2025-09-08 13:28:42,556 - INFO - 使用工业范围 CIV: [0.5, 1.5]
2025-09-08 13:28:42,557 - INFO - 使用工业范围 CKR: [300, 400]
2025-09-08 13:28:42,557 - INFO - 使用工业范围 CAFR: [1.0, 3.0]
2025-09-08 13:28:42,558 - INFO - 生成 1000 个Sobol样本...
2025-09-08 13:28:42,723 - INFO - 样本生成完成，形状: (18000, 8)
2025-09-08 13:28:45,711 - INFO - 预测Sobol样本的输出...
2025-09-08 13:28:45,862 - INFO - 预测完成
2025-09-08 13:28:45,863 - INFO - 执行Sobol敏感性分析...
2025-09-08 13:28:46,614 - INFO - 分析完成
2025-09-08 13:28:46,614 - INFO - 
一阶敏感性指数 (S1):
2025-09-08 13:28:46,615 - INFO - PS: 0.000000 ± 0.000000
2025-09-08 13:28:46,616 - INFO - OEFR: 0.000000 ± 0.000000
2025-09-08 13:28:46,616 - INFO - SIR: 0.000000 ± 0.000000
2025-09-08 13:28:46,616 - INFO - PP: 0.000000 ± 0.000000
2025-09-08 13:28:46,617 - INFO - TCT: 0.000000 ± 0.000000
2025-09-08 13:28:46,617 - INFO - CIV: 0.000000 ± 0.000000
2025-09-08 13:28:46,618 - INFO - CKR: 0.995525 ± 0.159499
2025-09-08 13:28:46,618 - INFO - CAFR: 0.000000 ± 0.000000
2025-09-08 13:28:46,619 - INFO - 
总敏感性指数 (ST):
2025-09-08 13:28:46,619 - INFO - PS: 0.000000 ± 0.000000
2025-09-08 13:28:46,620 - INFO - OEFR: 0.000000 ± 0.000000
2025-09-08 13:28:46,621 - INFO - SIR: 0.000000 ± 0.000000
2025-09-08 13:28:46,621 - INFO - PP: 0.000000 ± 0.000000
2025-09-08 13:28:46,622 - INFO - TCT: 0.000000 ± 0.000000
2025-09-08 13:28:46,622 - INFO - CIV: 0.000000 ± 0.000000
2025-09-08 13:28:46,623 - INFO - CKR: 1.006458 ± 0.056934
2025-09-08 13:28:46,623 - INFO - CAFR: 0.000000 ± 0.000000
2025-09-08 13:31:08,032 - INFO - 成功读取数据，共 2014 行，16 列
2025-09-08 13:31:08,033 - INFO - 列名: Hour, IV, INi, STiO2, SV2O5, SIR, PP, PS, CAR, CKR, OEFR, BP, CAFR, TCT, CIV, OEP
2025-09-08 13:31:08,075 - INFO - 
数据前5行:
   Hour      IV     INi  STiO2  SV2O5    SIR  ...         OEFR          BP         CAFR          TCT   CIV         OEP
0     0  0.2823  0.0213   7.44  0.254  2.175  ...  11925.23715  768.068674  5605.513870  2326.602081  42.0  768.068674
1     1  0.2730  0.0183   7.44  0.254  2.175  ...  11949.35845  770.092072  5561.472796  2309.748039  42.8  770.092072
2     2  0.2747  0.0213   7.49  0.254  2.175  ...  11966.23059  769.423963  5556.940583  2301.038262  46.0  771.033439
3     3  0.2742  0.0218   7.49  0.254  2.175  ...  11955.64776  768.101827  5532.045072  2290.653404  46.0  769.423963
4     4  0.2657  0.0207   7.49  0.254  2.175  ...  11933.47695  769.376745  5457.962983  2267.106588  48.0  768.101827

[5 rows x 16 columns]
2025-09-08 13:31:08,162 - INFO - 
数据统计描述:
              Hour           IV          INi        STiO2  ...         CAFR            TCT          CIV          OEP
count  2014.000000  2014.000000  2014.000000  2014.000000  ...  2014.000000    2014.000000  2014.000000  2014.000000
mean     11.550149     0.231372     0.017304     7.780842  ...  5163.743596    2242.289993    36.080021   792.417215
std       6.926856     0.032750     0.003275     1.402188  ...   387.212671    2881.514443     7.198318    26.958201
min       0.000000     0.135800     0.007500     1.180000  ...     0.000000 -114782.289700     0.000000   714.434015
25%       6.000000     0.206200     0.015200     7.010000  ...  5101.838901    2301.032723    33.000000   770.573555
50%      12.000000     0.228000     0.017300     7.850000  ...  5243.072057    2329.066412    37.000000   786.284262
75%      18.000000     0.257200     0.019000     8.630000  ...  5347.791414    2364.311746    41.000000   808.685581
max      23.000000     0.333000     0.084000    11.440000  ...  5684.106372    2581.279118    50.000000   862.578666

[8 rows x 16 columns]
2025-09-08 13:31:08,163 - INFO - 使用工业范围 PS: [120, 180]
2025-09-08 13:31:08,164 - INFO - 使用工业范围 OEFR: [1.0, 2.0]
2025-09-08 13:31:08,164 - INFO - 使用工业范围 SIR: [0.5, 1.5]
2025-09-08 13:31:08,165 - INFO - 使用工业范围 PP: [100, 200]
2025-09-08 13:31:08,165 - INFO - 使用工业范围 TCT: [1850, 1950]
2025-09-08 13:31:08,165 - INFO - 使用工业范围 CIV: [0.5, 1.5]
2025-09-08 13:31:08,166 - INFO - 使用工业范围 CKR: [300, 400]
2025-09-08 13:31:08,166 - INFO - 使用工业范围 CAFR: [1.0, 3.0]
2025-09-08 13:31:08,167 - INFO - 生成 1000 个Sobol样本...
2025-09-08 13:31:08,309 - INFO - 样本生成完成，形状: (18000, 8)
2025-09-08 13:31:10,842 - INFO - 预测Sobol样本的输出...
2025-09-08 13:31:10,997 - INFO - 预测完成
2025-09-08 13:31:10,998 - INFO - 执行Sobol敏感性分析...
2025-09-08 13:31:11,760 - INFO - 分析完成
2025-09-08 13:31:11,761 - INFO - 
一阶敏感性指数 (S1):
2025-09-08 13:31:11,761 - INFO - PS: 0.000000 ± 0.000000
2025-09-08 13:31:11,762 - INFO - OEFR: 0.000000 ± 0.000000
2025-09-08 13:31:11,762 - INFO - SIR: 0.000000 ± 0.000000
2025-09-08 13:31:11,763 - INFO - PP: 0.000000 ± 0.000000
2025-09-08 13:31:11,763 - INFO - TCT: 0.000000 ± 0.000000
2025-09-08 13:31:11,764 - INFO - CIV: 0.000000 ± 0.000000
2025-09-08 13:31:11,764 - INFO - CKR: 0.987596 ± 0.140156
2025-09-08 13:31:11,764 - INFO - CAFR: 0.000000 ± 0.000000
2025-09-08 13:31:11,765 - INFO - 
总敏感性指数 (ST):
2025-09-08 13:31:11,765 - INFO - PS: 0.000000 ± 0.000000
2025-09-08 13:31:11,766 - INFO - OEFR: 0.000000 ± 0.000000
2025-09-08 13:31:11,767 - INFO - SIR: 0.000000 ± 0.000000
2025-09-08 13:31:11,768 - INFO - PP: 0.000000 ± 0.000000
2025-09-08 13:31:11,769 - INFO - TCT: 0.000000 ± 0.000000
2025-09-08 13:31:11,770 - INFO - CIV: 0.000000 ± 0.000000
2025-09-08 13:31:11,770 - INFO - CKR: 0.978414 ± 0.049894
2025-09-08 13:31:11,771 - INFO - CAFR: 0.000000 ± 0.000000
2025-09-08 13:31:12,268 - WARNING - findfont: Font family 'WenQuanYi Micro Hei' not found.
2025-09-08 13:31:12,274 - WARNING - findfont: Font family 'Heiti TC' not found.
2025-09-08 13:31:12,284 - WARNING - findfont: Font family 'WenQuanYi Micro Hei' not found.
2025-09-08 13:31:12,285 - WARNING - findfont: Font family 'Heiti TC' not found.
2025-09-08 13:31:12,287 - WARNING - findfont: Font family 'WenQuanYi Micro Hei' not found.
2025-09-08 13:31:12,287 - WARNING - findfont: Font family 'Heiti TC' not found.
2025-09-08 13:31:12,289 - WARNING - findfont: Font family 'WenQuanYi Micro Hei' not found.
2025-09-08 13:31:12,290 - WARNING - findfont: Font family 'Heiti TC' not found.
2025-09-08 13:31:12,292 - WARNING - findfont: Font family 'WenQuanYi Micro Hei' not found.
2025-09-08 13:31:12,293 - WARNING - findfont: Font family 'Heiti TC' not found.
2025-09-08 13:31:12,294 - WARNING - findfont: Font family 'WenQuanYi Micro Hei' not found.
2025-09-08 13:31:12,295 - WARNING - findfont: Font family 'Heiti TC' not found.
2025-09-08 13:31:12,296 - WARNING - findfont: Font family 'WenQuanYi Micro Hei' not found.
2025-09-08 13:31:12,297 - WARNING - findfont: Font family 'Heiti TC' not found.
2025-09-08 13:31:12,298 - WARNING - findfont: Font family 'WenQuanYi Micro Hei' not found.
2025-09-08 13:31:12,299 - WARNING - findfont: Font family 'Heiti TC' not found.
2025-09-08 13:31:12,300 - WARNING - findfont: Font family 'WenQuanYi Micro Hei' not found.
2025-09-08 13:31:12,301 - WARNING - findfont: Font family 'Heiti TC' not found.
2025-09-08 13:31:12,343 - WARNING - findfont: Font family 'WenQuanYi Micro Hei' not found.
2025-09-08 13:31:12,344 - WARNING - findfont: Font family 'Heiti TC' not found.
2025-09-08 13:31:12,345 - WARNING - findfont: Font family 'WenQuanYi Micro Hei' not found.
2025-09-08 13:31:12,345 - WARNING - findfont: Font family 'Heiti TC' not found.
2025-09-08 13:31:12,346 - WARNING - findfont: Font family 'WenQuanYi Micro Hei' not found.
2025-09-08 13:31:12,347 - WARNING - findfont: Font family 'Heiti TC' not found.
2025-09-08 13:31:12,348 - WARNING - findfont: Font family 'WenQuanYi Micro Hei' not found.
2025-09-08 13:31:12,348 - WARNING - findfont: Font family 'Heiti TC' not found.
2025-09-08 13:31:12,349 - WARNING - findfont: Font family 'WenQuanYi Micro Hei' not found.
2025-09-08 13:31:12,349 - WARNING - findfont: Font family 'Heiti TC' not found.
2025-09-08 13:31:12,351 - WARNING - findfont: Font family 'WenQuanYi Micro Hei' not found.
2025-09-08 13:31:12,352 - WARNING - findfont: Font family 'Heiti TC' not found.
2025-09-08 13:31:12,359 - WARNING - findfont: Font family 'WenQuanYi Micro Hei' not found.
2025-09-08 13:31:12,360 - WARNING - findfont: Font family 'Heiti TC' not found.
2025-09-08 13:31:12,428 - WARNING - findfont: Font family 'WenQuanYi Micro Hei' not found.
2025-09-08 13:31:12,435 - WARNING - findfont: Font family 'Heiti TC' not found.
2025-09-08 13:31:12,435 - WARNING - findfont: Font family 'WenQuanYi Micro Hei' not found.
2025-09-08 13:31:12,436 - WARNING - findfont: Font family 'Heiti TC' not found.
2025-09-08 13:31:12,529 - WARNING - findfont: Font family 'WenQuanYi Micro Hei' not found.
2025-09-08 13:31:12,530 - WARNING - findfont: Font family 'Heiti TC' not found.
2025-09-08 13:31:12,576 - WARNING - findfont: Font family 'WenQuanYi Micro Hei' not found.
2025-09-08 13:31:12,577 - WARNING - findfont: Font family 'Heiti TC' not found.
2025-09-08 13:31:12,578 - WARNING - findfont: Font family 'WenQuanYi Micro Hei' not found.
2025-09-08 13:31:12,579 - WARNING - findfont: Font family 'Heiti TC' not found.
2025-09-08 13:31:12,580 - WARNING - findfont: Font family 'WenQuanYi Micro Hei' not found.
2025-09-08 13:31:12,581 - WARNING - findfont: Font family 'Heiti TC' not found.
2025-09-08 13:31:12,582 - WARNING - findfont: Font family 'WenQuanYi Micro Hei' not found.
2025-09-08 13:31:12,583 - WARNING - findfont: Font family 'Heiti TC' not found.
2025-09-08 13:31:12,584 - WARNING - findfont: Font family 'WenQuanYi Micro Hei' not found.
2025-09-08 13:31:12,585 - WARNING - findfont: Font family 'Heiti TC' not found.
2025-09-08 13:31:12,586 - WARNING - findfont: Font family 'WenQuanYi Micro Hei' not found.
2025-09-08 13:31:12,587 - WARNING - findfont: Font family 'Heiti TC' not found.
2025-09-08 13:31:12,588 - WARNING - findfont: Font family 'WenQuanYi Micro Hei' not found.
2025-09-08 13:31:12,589 - WARNING - findfont: Font family 'Heiti TC' not found.
2025-09-08 13:31:12,598 - WARNING - findfont: Font family 'WenQuanYi Micro Hei' not found.
2025-09-08 13:31:12,598 - WARNING - findfont: Font family 'Heiti TC' not found.
2025-09-08 13:31:12,601 - WARNING - findfont: Font family 'WenQuanYi Micro Hei' not found.
2025-09-08 13:31:12,601 - WARNING - findfont: Font family 'Heiti TC' not found.
2025-09-08 13:31:12,602 - WARNING - findfont: Font family 'WenQuanYi Micro Hei' not found.
2025-09-08 13:31:12,602 - WARNING - findfont: Font family 'Heiti TC' not found.
2025-09-08 13:31:12,608 - WARNING - findfont: Font family 'WenQuanYi Micro Hei' not found.
2025-09-08 13:31:12,609 - WARNING - findfont: Font family 'Heiti TC' not found.
2025-09-08 13:31:12,611 - WARNING - findfont: Font family 'WenQuanYi Micro Hei' not found.
2025-09-08 13:31:12,612 - WARNING - findfont: Font family 'Heiti TC' not found.
2025-09-08 13:31:12,614 - WARNING - findfont: Font family 'WenQuanYi Micro Hei' not found.
2025-09-08 13:31:12,614 - WARNING - findfont: Font family 'Heiti TC' not found.
2025-09-08 13:31:12,615 - WARNING - findfont: Font family 'WenQuanYi Micro Hei' not found.
2025-09-08 13:31:12,616 - WARNING - findfont: Font family 'Heiti TC' not found.
2025-09-08 13:31:12,617 - WARNING - findfont: Font family 'WenQuanYi Micro Hei' not found.
2025-09-08 13:31:12,618 - WARNING - findfont: Font family 'Heiti TC' not found.
2025-09-08 13:31:12,619 - WARNING - findfont: Font family 'WenQuanYi Micro Hei' not found.
2025-09-08 13:31:12,620 - WARNING - findfont: Font family 'Heiti TC' not found.
2025-09-08 13:31:12,622 - WARNING - findfont: Font family 'WenQuanYi Micro Hei' not found.
2025-09-08 13:31:12,623 - WARNING - findfont: Font family 'Heiti TC' not found.
2025-09-08 13:31:12,625 - WARNING - findfont: Font family 'WenQuanYi Micro Hei' not found.
2025-09-08 13:31:12,625 - WARNING - findfont: Font family 'Heiti TC' not found.
2025-09-08 13:31:12,665 - WARNING - findfont: Font family 'WenQuanYi Micro Hei' not found.
2025-09-08 13:31:12,665 - WARNING - findfont: Font family 'Heiti TC' not found.
2025-09-08 13:31:12,777 - WARNING - findfont: Font family 'WenQuanYi Micro Hei' not found.
2025-09-08 13:31:12,778 - WARNING - findfont: Font family 'Heiti TC' not found.
2025-09-08 13:31:12,781 - WARNING - findfont: Font family 'WenQuanYi Micro Hei' not found.
2025-09-08 13:31:12,781 - WARNING - findfont: Font family 'Heiti TC' not found.
2025-09-08 13:31:12,783 - WARNING - findfont: Font family 'WenQuanYi Micro Hei' not found.
2025-09-08 13:31:12,784 - WARNING - findfont: Font family 'Heiti TC' not found.
2025-09-08 13:31:12,788 - WARNING - findfont: Font family 'WenQuanYi Micro Hei' not found.
2025-09-08 13:31:12,789 - WARNING - findfont: Font family 'Heiti TC' not found.
2025-09-08 13:31:12,793 - WARNING - findfont: Font family 'WenQuanYi Micro Hei' not found.
2025-09-08 13:31:12,794 - WARNING - findfont: Font family 'Heiti TC' not found.
2025-09-08 13:31:12,798 - WARNING - findfont: Font family 'WenQuanYi Micro Hei' not found.
2025-09-08 13:31:12,799 - WARNING - findfont: Font family 'Heiti TC' not found.
2025-09-08 13:31:12,804 - WARNING - findfont: Font family 'WenQuanYi Micro Hei' not found.
2025-09-08 13:31:12,805 - WARNING - findfont: Font family 'Heiti TC' not found.
2025-09-08 13:31:12,809 - WARNING - findfont: Font family 'WenQuanYi Micro Hei' not found.
2025-09-08 13:31:12,810 - WARNING - findfont: Font family 'Heiti TC' not found.
2025-09-08 13:31:12,820 - WARNING - findfont: Font family 'WenQuanYi Micro Hei' not found.
2025-09-08 13:31:12,820 - WARNING - findfont: Font family 'Heiti TC' not found.
2025-09-08 13:31:12,822 - WARNING - findfont: Font family 'WenQuanYi Micro Hei' not found.
2025-09-08 13:31:12,823 - WARNING - findfont: Font family 'Heiti TC' not found.
2025-09-08 13:31:12,826 - WARNING - findfont: Font family 'WenQuanYi Micro Hei' not found.
2025-09-08 13:31:12,827 - WARNING - findfont: Font family 'Heiti TC' not found.
2025-09-08 13:31:12,829 - WARNING - findfont: Font family 'WenQuanYi Micro Hei' not found.
2025-09-08 13:31:12,830 - WARNING - findfont: Font family 'Heiti TC' not found.
2025-09-08 13:31:12,832 - WARNING - findfont: Font family 'WenQuanYi Micro Hei' not found.
2025-09-08 13:31:12,832 - WARNING - findfont: Font family 'Heiti TC' not found.
2025-09-08 13:31:12,835 - WARNING - findfont: Font family 'WenQuanYi Micro Hei' not found.
2025-09-08 13:31:12,835 - WARNING - findfont: Font family 'Heiti TC' not found.
2025-09-08 13:31:12,847 - WARNING - findfont: Font family 'WenQuanYi Micro Hei' not found.
2025-09-08 13:31:12,847 - WARNING - findfont: Font family 'Heiti TC' not found.
2025-09-08 13:31:12,854 - WARNING - findfont: Font family 'WenQuanYi Micro Hei' not found.
2025-09-08 13:31:12,854 - WARNING - findfont: Font family 'Heiti TC' not found.
2025-09-08 13:31:12,890 - WARNING - findfont: Font family 'WenQuanYi Micro Hei' not found.
2025-09-08 13:31:12,890 - WARNING - findfont: Font family 'Heiti TC' not found.
2025-09-08 13:31:12,893 - WARNING - findfont: Font family 'WenQuanYi Micro Hei' not found.
2025-09-08 13:31:12,893 - WARNING - findfont: Font family 'Heiti TC' not found.
2025-09-08 13:31:12,895 - WARNING - findfont: Font family 'WenQuanYi Micro Hei' not found.
2025-09-08 13:31:12,896 - WARNING - findfont: Font family 'Heiti TC' not found.
2025-09-08 13:31:12,898 - WARNING - findfont: Font family 'WenQuanYi Micro Hei' not found.
2025-09-08 13:31:12,898 - WARNING - findfont: Font family 'Heiti TC' not found.
2025-09-08 13:31:12,900 - WARNING - findfont: Font family 'WenQuanYi Micro Hei' not found.
2025-09-08 13:31:12,900 - WARNING - findfont: Font family 'Heiti TC' not found.
2025-09-08 13:31:12,902 - WARNING - findfont: Font family 'WenQuanYi Micro Hei' not found.
2025-09-08 13:31:12,902 - WARNING - findfont: Font family 'Heiti TC' not found.
2025-09-08 13:31:12,905 - WARNING - findfont: Font family 'WenQuanYi Micro Hei' not found.
2025-09-08 13:31:12,905 - WARNING - findfont: Font family 'Heiti TC' not found.
2025-09-08 13:31:12,907 - WARNING - findfont: Font family 'WenQuanYi Micro Hei' not found.
2025-09-08 13:31:12,908 - WARNING - findfont: Font family 'Heiti TC' not found.
2025-09-08 13:31:12,918 - WARNING - findfont: Font family 'WenQuanYi Micro Hei' not found.
2025-09-08 13:31:12,919 - WARNING - findfont: Font family 'Heiti TC' not found.
2025-09-08 13:31:12,920 - WARNING - findfont: Font family 'WenQuanYi Micro Hei' not found.
2025-09-08 13:31:12,921 - WARNING - findfont: Font family 'Heiti TC' not found.
2025-09-08 13:31:12,923 - WARNING - findfont: Font family 'WenQuanYi Micro Hei' not found.
2025-09-08 13:31:12,924 - WARNING - findfont: Font family 'Heiti TC' not found.
2025-09-08 13:31:12,927 - WARNING - findfont: Font family 'WenQuanYi Micro Hei' not found.
2025-09-08 13:31:12,927 - WARNING - findfont: Font family 'Heiti TC' not found.
2025-09-08 13:31:12,929 - WARNING - findfont: Font family 'WenQuanYi Micro Hei' not found.
2025-09-08 13:31:12,930 - WARNING - findfont: Font family 'Heiti TC' not found.
2025-09-08 13:31:12,932 - WARNING - findfont: Font family 'WenQuanYi Micro Hei' not found.
2025-09-08 13:31:12,933 - WARNING - findfont: Font family 'Heiti TC' not found.
2025-09-08 13:31:12,940 - WARNING - findfont: Font family 'WenQuanYi Micro Hei' not found.
2025-09-08 13:31:12,940 - WARNING - findfont: Font family 'Heiti TC' not found.
2025-09-08 13:31:12,952 - WARNING - findfont: Font family 'WenQuanYi Micro Hei' not found.
2025-09-08 13:31:12,952 - WARNING - findfont: Font family 'Heiti TC' not found.
2025-09-08 13:31:13,649 - INFO - 手动绘制的敏感性指数图已保存为 sobol_sensitivity_manual.png
2025-09-08 13:37:48,498 - INFO - 成功读取数据，共 2014 行，16 列
2025-09-08 13:37:48,499 - INFO - 列名: Hour, IV, INi, STiO2, SV2O5, SIR, PP, PS, CAR, CKR, OEFR, BP, CAFR, TCT, CIV, OEP
2025-09-08 13:37:48,544 - INFO - 
数据前5行:
   Hour      IV     INi  STiO2  SV2O5    SIR  ...         OEFR          BP         CAFR          TCT   CIV         OEP
0     0  0.2823  0.0213   7.44  0.254  2.175  ...  11925.23715  768.068674  5605.513870  2326.602081  42.0  768.068674
1     1  0.2730  0.0183   7.44  0.254  2.175  ...  11949.35845  770.092072  5561.472796  2309.748039  42.8  770.092072
2     2  0.2747  0.0213   7.49  0.254  2.175  ...  11966.23059  769.423963  5556.940583  2301.038262  46.0  771.033439
3     3  0.2742  0.0218   7.49  0.254  2.175  ...  11955.64776  768.101827  5532.045072  2290.653404  46.0  769.423963
4     4  0.2657  0.0207   7.49  0.254  2.175  ...  11933.47695  769.376745  5457.962983  2267.106588  48.0  768.101827

[5 rows x 16 columns]
2025-09-08 13:37:48,629 - INFO - 
数据统计描述:
              Hour           IV          INi        STiO2  ...         CAFR            TCT          CIV          OEP
count  2014.000000  2014.000000  2014.000000  2014.000000  ...  2014.000000    2014.000000  2014.000000  2014.000000
mean     11.550149     0.231372     0.017304     7.780842  ...  5163.743596    2242.289993    36.080021   792.417215
std       6.926856     0.032750     0.003275     1.402188  ...   387.212671    2881.514443     7.198318    26.958201
min       0.000000     0.135800     0.007500     1.180000  ...     0.000000 -114782.289700     0.000000   714.434015
25%       6.000000     0.206200     0.015200     7.010000  ...  5101.838901    2301.032723    33.000000   770.573555
50%      12.000000     0.228000     0.017300     7.850000  ...  5243.072057    2329.066412    37.000000   786.284262
75%      18.000000     0.257200     0.019000     8.630000  ...  5347.791414    2364.311746    41.000000   808.685581
max      23.000000     0.333000     0.084000    11.440000  ...  5684.106372    2581.279118    50.000000   862.578666

[8 rows x 16 columns]
2025-09-08 13:40:29,644 - INFO - 成功读取数据，共 2014 行，16 列
2025-09-08 13:40:29,645 - INFO - 列名: Hour, IV, INi, STiO2, SV2O5, SIR, PP, PS, CAR, CKR, OEFR, BP, CAFR, TCT, CIV, OEP
2025-09-08 13:40:29,692 - INFO - 
数据前5行:
   Hour      IV     INi  STiO2  SV2O5    SIR  ...         OEFR          BP         CAFR          TCT   CIV         OEP
0     0  0.2823  0.0213   7.44  0.254  2.175  ...  11925.23715  768.068674  5605.513870  2326.602081  42.0  768.068674
1     1  0.2730  0.0183   7.44  0.254  2.175  ...  11949.35845  770.092072  5561.472796  2309.748039  42.8  770.092072
2     2  0.2747  0.0213   7.49  0.254  2.175  ...  11966.23059  769.423963  5556.940583  2301.038262  46.0  771.033439
3     3  0.2742  0.0218   7.49  0.254  2.175  ...  11955.64776  768.101827  5532.045072  2290.653404  46.0  769.423963
4     4  0.2657  0.0207   7.49  0.254  2.175  ...  11933.47695  769.376745  5457.962983  2267.106588  48.0  768.101827

[5 rows x 16 columns]
2025-09-08 13:40:29,777 - INFO - 
数据统计描述:
              Hour           IV          INi        STiO2  ...         CAFR            TCT          CIV          OEP
count  2014.000000  2014.000000  2014.000000  2014.000000  ...  2014.000000    2014.000000  2014.000000  2014.000000
mean     11.550149     0.231372     0.017304     7.780842  ...  5163.743596    2242.289993    36.080021   792.417215
std       6.926856     0.032750     0.003275     1.402188  ...   387.212671    2881.514443     7.198318    26.958201
min       0.000000     0.135800     0.007500     1.180000  ...     0.000000 -114782.289700     0.000000   714.434015
25%       6.000000     0.206200     0.015200     7.010000  ...  5101.838901    2301.032723    33.000000   770.573555
50%      12.000000     0.228000     0.017300     7.850000  ...  5243.072057    2329.066412    37.000000   786.284262
75%      18.000000     0.257200     0.019000     8.630000  ...  5347.791414    2364.311746    41.000000   808.685581
max      23.000000     0.333000     0.084000    11.440000  ...  5684.106372    2581.279118    50.000000   862.578666

[8 rows x 16 columns]
2025-09-08 13:40:29,780 - INFO - 使用数据范围 PS: [np.float64(0.0), np.float64(86.15071283)]
2025-09-08 13:40:29,781 - INFO - 使用数据范围 OEFR: [np.float64(0.0), np.float64(15150.51598)]
2025-09-08 13:40:29,781 - INFO - 使用数据范围 SIR: [np.float64(0.0), np.float64(2.386)]
2025-09-08 13:40:29,782 - INFO - 使用数据范围 PP: [np.float64(0.0), np.float64(100.0)]
2025-09-08 13:40:29,783 - INFO - 使用数据范围 TCT: [np.float64(-114782.2897), np.float64(2581.279118)]
2025-09-08 13:40:29,784 - INFO - 使用数据范围 CIV: [np.float64(0.0), np.float64(50.0)]
2025-09-08 13:40:29,785 - INFO - 使用数据范围 CKR: [np.int64(355), np.int64(560)]
2025-09-08 13:40:29,787 - INFO - 使用数据范围 CAFR: [np.float64(0.0), np.float64(5684.106372)]
2025-09-08 13:40:29,787 - INFO - 生成 1000 个Sobol样本...
2025-09-08 13:40:30,024 - INFO - 样本生成完成，形状: (18000, 8)
2025-09-08 13:40:32,664 - INFO - 预测Sobol样本的输出...
2025-09-08 13:40:32,851 - INFO - 预测完成
2025-09-08 13:40:32,852 - INFO - 执行Sobol敏感性分析...
2025-09-08 13:40:33,551 - INFO - 分析完成
2025-09-08 13:40:33,551 - INFO - 
一阶敏感性指数 (S1):
2025-09-08 13:40:33,552 - INFO - PS: 0.727859 ± 0.069628
2025-09-08 13:40:33,552 - INFO - OEFR: 0.011339 ± 0.012863
2025-09-08 13:40:33,553 - INFO - SIR: 0.010244 ± 0.023311
2025-09-08 13:40:33,553 - INFO - PP: -0.004368 ± 0.019523
2025-09-08 13:40:33,554 - INFO - TCT: 0.000194 ± 0.001114
2025-09-08 13:40:33,554 - INFO - CIV: -0.003095 ± 0.025541
2025-09-08 13:40:33,555 - INFO - CKR: 0.006190 ± 0.029504
2025-09-08 13:40:33,555 - INFO - CAFR: 0.012483 ± 0.013047
2025-09-08 13:40:33,556 - INFO - 
总敏感性指数 (ST):
2025-09-08 13:40:33,557 - INFO - PS: 0.868357 ± 0.077025
2025-09-08 13:40:33,558 - INFO - OEFR: 0.021313 ± 0.002738
2025-09-08 13:40:33,559 - INFO - SIR: 0.094195 ± 0.020588
2025-09-08 13:40:33,559 - INFO - PP: 0.063306 ± 0.014884
2025-09-08 13:40:33,560 - INFO - TCT: 0.001596 ± 0.001895
2025-09-08 13:40:33,560 - INFO - CIV: 0.067440 ± 0.013282
2025-09-08 13:40:33,561 - INFO - CKR: 0.090836 ± 0.017072
2025-09-08 13:40:33,562 - INFO - CAFR: 0.020667 ± 0.004263
2025-09-08 13:40:34,023 - WARNING - findfont: Font family 'WenQuanYi Micro Hei' not found.
2025-09-08 13:40:34,029 - WARNING - findfont: Font family 'Heiti TC' not found.
2025-09-08 13:40:34,034 - WARNING - findfont: Font family 'WenQuanYi Micro Hei' not found.
2025-09-08 13:40:34,035 - WARNING - findfont: Font family 'Heiti TC' not found.
2025-09-08 13:40:34,037 - WARNING - findfont: Font family 'WenQuanYi Micro Hei' not found.
2025-09-08 13:40:34,037 - WARNING - findfont: Font family 'Heiti TC' not found.
2025-09-08 13:40:34,039 - WARNING - findfont: Font family 'WenQuanYi Micro Hei' not found.
2025-09-08 13:40:34,039 - WARNING - findfont: Font family 'Heiti TC' not found.
2025-09-08 13:40:34,042 - WARNING - findfont: Font family 'WenQuanYi Micro Hei' not found.
2025-09-08 13:40:34,042 - WARNING - findfont: Font family 'Heiti TC' not found.
2025-09-08 13:40:34,044 - WARNING - findfont: Font family 'WenQuanYi Micro Hei' not found.
2025-09-08 13:40:34,044 - WARNING - findfont: Font family 'Heiti TC' not found.
2025-09-08 13:40:34,046 - WARNING - findfont: Font family 'WenQuanYi Micro Hei' not found.
2025-09-08 13:40:34,047 - WARNING - findfont: Font family 'Heiti TC' not found.
2025-09-08 13:40:34,048 - WARNING - findfont: Font family 'WenQuanYi Micro Hei' not found.
2025-09-08 13:40:34,049 - WARNING - findfont: Font family 'Heiti TC' not found.
2025-09-08 13:40:34,050 - WARNING - findfont: Font family 'WenQuanYi Micro Hei' not found.
2025-09-08 13:40:34,050 - WARNING - findfont: Font family 'Heiti TC' not found.
2025-09-08 13:40:34,081 - WARNING - findfont: Font family 'WenQuanYi Micro Hei' not found.
2025-09-08 13:40:34,081 - WARNING - findfont: Font family 'Heiti TC' not found.
2025-09-08 13:40:34,083 - WARNING - findfont: Font family 'WenQuanYi Micro Hei' not found.
2025-09-08 13:40:34,084 - WARNING - findfont: Font family 'Heiti TC' not found.
2025-09-08 13:40:34,085 - WARNING - findfont: Font family 'WenQuanYi Micro Hei' not found.
2025-09-08 13:40:34,086 - WARNING - findfont: Font family 'Heiti TC' not found.
2025-09-08 13:40:34,087 - WARNING - findfont: Font family 'WenQuanYi Micro Hei' not found.
2025-09-08 13:40:34,088 - WARNING - findfont: Font family 'Heiti TC' not found.
2025-09-08 13:40:34,089 - WARNING - findfont: Font family 'WenQuanYi Micro Hei' not found.
2025-09-08 13:40:34,090 - WARNING - findfont: Font family 'Heiti TC' not found.
2025-09-08 13:40:34,091 - WARNING - findfont: Font family 'WenQuanYi Micro Hei' not found.
2025-09-08 13:40:34,091 - WARNING - findfont: Font family 'Heiti TC' not found.
2025-09-08 13:40:34,094 - WARNING - findfont: Font family 'WenQuanYi Micro Hei' not found.
2025-09-08 13:40:34,095 - WARNING - findfont: Font family 'Heiti TC' not found.
2025-09-08 13:40:34,097 - WARNING - findfont: Font family 'WenQuanYi Micro Hei' not found.
2025-09-08 13:40:34,098 - WARNING - findfont: Font family 'Heiti TC' not found.
2025-09-08 13:40:34,107 - WARNING - findfont: Font family 'WenQuanYi Micro Hei' not found.
2025-09-08 13:40:34,108 - WARNING - findfont: Font family 'Heiti TC' not found.
2025-09-08 13:40:34,145 - WARNING - findfont: Font family 'WenQuanYi Micro Hei' not found.
2025-09-08 13:40:34,151 - WARNING - findfont: Font family 'Heiti TC' not found.
2025-09-08 13:40:34,153 - WARNING - findfont: Font family 'WenQuanYi Micro Hei' not found.
2025-09-08 13:40:34,153 - WARNING - findfont: Font family 'Heiti TC' not found.
2025-09-08 13:40:34,231 - WARNING - findfont: Font family 'WenQuanYi Micro Hei' not found.
2025-09-08 13:40:34,232 - WARNING - findfont: Font family 'Heiti TC' not found.
2025-09-08 13:40:34,251 - WARNING - findfont: Font family 'WenQuanYi Micro Hei' not found.
2025-09-08 13:40:34,252 - WARNING - findfont: Font family 'Heiti TC' not found.
2025-09-08 13:40:34,306 - WARNING - findfont: Font family 'WenQuanYi Micro Hei' not found.
2025-09-08 13:40:34,306 - WARNING - findfont: Font family 'Heiti TC' not found.
2025-09-08 13:40:34,307 - WARNING - findfont: Font family 'WenQuanYi Micro Hei' not found.
2025-09-08 13:40:34,308 - WARNING - findfont: Font family 'Heiti TC' not found.
2025-09-08 13:40:34,309 - WARNING - findfont: Font family 'WenQuanYi Micro Hei' not found.
2025-09-08 13:40:34,310 - WARNING - findfont: Font family 'Heiti TC' not found.
2025-09-08 13:40:34,311 - WARNING - findfont: Font family 'WenQuanYi Micro Hei' not found.
2025-09-08 13:40:34,311 - WARNING - findfont: Font family 'Heiti TC' not found.
2025-09-08 13:40:34,312 - WARNING - findfont: Font family 'WenQuanYi Micro Hei' not found.
2025-09-08 13:40:34,313 - WARNING - findfont: Font family 'Heiti TC' not found.
2025-09-08 13:40:34,315 - WARNING - findfont: Font family 'WenQuanYi Micro Hei' not found.
2025-09-08 13:40:34,315 - WARNING - findfont: Font family 'Heiti TC' not found.
2025-09-08 13:40:34,317 - WARNING - findfont: Font family 'WenQuanYi Micro Hei' not found.
2025-09-08 13:40:34,317 - WARNING - findfont: Font family 'Heiti TC' not found.
2025-09-08 13:40:34,320 - WARNING - findfont: Font family 'WenQuanYi Micro Hei' not found.
2025-09-08 13:40:34,320 - WARNING - findfont: Font family 'Heiti TC' not found.
2025-09-08 13:40:34,322 - WARNING - findfont: Font family 'WenQuanYi Micro Hei' not found.
2025-09-08 13:40:34,322 - WARNING - findfont: Font family 'Heiti TC' not found.
2025-09-08 13:40:34,335 - WARNING - findfont: Font family 'WenQuanYi Micro Hei' not found.
2025-09-08 13:40:34,336 - WARNING - findfont: Font family 'Heiti TC' not found.
2025-09-08 13:40:34,339 - WARNING - findfont: Font family 'WenQuanYi Micro Hei' not found.
2025-09-08 13:40:34,340 - WARNING - findfont: Font family 'Heiti TC' not found.
2025-09-08 13:40:34,340 - WARNING - findfont: Font family 'WenQuanYi Micro Hei' not found.
2025-09-08 13:40:34,341 - WARNING - findfont: Font family 'Heiti TC' not found.
2025-09-08 13:40:34,350 - WARNING - findfont: Font family 'WenQuanYi Micro Hei' not found.
2025-09-08 13:40:34,351 - WARNING - findfont: Font family 'Heiti TC' not found.
2025-09-08 13:40:34,353 - WARNING - findfont: Font family 'WenQuanYi Micro Hei' not found.
2025-09-08 13:40:34,353 - WARNING - findfont: Font family 'Heiti TC' not found.
2025-09-08 13:40:34,355 - WARNING - findfont: Font family 'WenQuanYi Micro Hei' not found.
2025-09-08 13:40:34,355 - WARNING - findfont: Font family 'Heiti TC' not found.
2025-09-08 13:40:34,357 - WARNING - findfont: Font family 'WenQuanYi Micro Hei' not found.
2025-09-08 13:40:34,357 - WARNING - findfont: Font family 'Heiti TC' not found.
2025-09-08 13:40:34,359 - WARNING - findfont: Font family 'WenQuanYi Micro Hei' not found.
2025-09-08 13:40:34,360 - WARNING - findfont: Font family 'Heiti TC' not found.
2025-09-08 13:40:34,361 - WARNING - findfont: Font family 'WenQuanYi Micro Hei' not found.
2025-09-08 13:40:34,362 - WARNING - findfont: Font family 'Heiti TC' not found.
2025-09-08 13:40:34,365 - WARNING - findfont: Font family 'WenQuanYi Micro Hei' not found.
2025-09-08 13:40:34,366 - WARNING - findfont: Font family 'Heiti TC' not found.
2025-09-08 13:40:34,367 - WARNING - findfont: Font family 'WenQuanYi Micro Hei' not found.
2025-09-08 13:40:34,368 - WARNING - findfont: Font family 'Heiti TC' not found.
2025-09-08 13:40:34,420 - WARNING - findfont: Font family 'WenQuanYi Micro Hei' not found.
2025-09-08 13:40:34,421 - WARNING - findfont: Font family 'Heiti TC' not found.
2025-09-08 13:40:34,427 - WARNING - findfont: Font family 'WenQuanYi Micro Hei' not found.
2025-09-08 13:40:34,428 - WARNING - findfont: Font family 'Heiti TC' not found.
2025-09-08 13:40:34,526 - WARNING - findfont: Font family 'WenQuanYi Micro Hei' not found.
2025-09-08 13:40:34,526 - WARNING - findfont: Font family 'Heiti TC' not found.
2025-09-08 13:40:34,529 - WARNING - findfont: Font family 'WenQuanYi Micro Hei' not found.
2025-09-08 13:40:34,529 - WARNING - findfont: Font family 'Heiti TC' not found.
2025-09-08 13:40:34,532 - WARNING - findfont: Font family 'WenQuanYi Micro Hei' not found.
2025-09-08 13:40:34,532 - WARNING - findfont: Font family 'Heiti TC' not found.
2025-09-08 13:40:34,536 - WARNING - findfont: Font family 'WenQuanYi Micro Hei' not found.
2025-09-08 13:40:34,537 - WARNING - findfont: Font family 'Heiti TC' not found.
2025-09-08 13:40:34,538 - WARNING - findfont: Font family 'WenQuanYi Micro Hei' not found.
2025-09-08 13:40:34,539 - WARNING - findfont: Font family 'Heiti TC' not found.
2025-09-08 13:40:34,543 - WARNING - findfont: Font family 'WenQuanYi Micro Hei' not found.
2025-09-08 13:40:34,544 - WARNING - findfont: Font family 'Heiti TC' not found.
2025-09-08 13:40:34,547 - WARNING - findfont: Font family 'WenQuanYi Micro Hei' not found.
2025-09-08 13:40:34,547 - WARNING - findfont: Font family 'Heiti TC' not found.
2025-09-08 13:40:34,550 - WARNING - findfont: Font family 'WenQuanYi Micro Hei' not found.
2025-09-08 13:40:34,550 - WARNING - findfont: Font family 'Heiti TC' not found.
2025-09-08 13:40:34,567 - WARNING - findfont: Font family 'WenQuanYi Micro Hei' not found.
2025-09-08 13:40:34,568 - WARNING - findfont: Font family 'Heiti TC' not found.
2025-09-08 13:40:34,570 - WARNING - findfont: Font family 'WenQuanYi Micro Hei' not found.
2025-09-08 13:40:34,571 - WARNING - findfont: Font family 'Heiti TC' not found.
2025-09-08 13:40:34,573 - WARNING - findfont: Font family 'WenQuanYi Micro Hei' not found.
2025-09-08 13:40:34,574 - WARNING - findfont: Font family 'Heiti TC' not found.
2025-09-08 13:40:34,578 - WARNING - findfont: Font family 'WenQuanYi Micro Hei' not found.
2025-09-08 13:40:34,579 - WARNING - findfont: Font family 'Heiti TC' not found.
2025-09-08 13:40:34,581 - WARNING - findfont: Font family 'WenQuanYi Micro Hei' not found.
2025-09-08 13:40:34,582 - WARNING - findfont: Font family 'Heiti TC' not found.
2025-09-08 13:40:34,584 - WARNING - findfont: Font family 'WenQuanYi Micro Hei' not found.
2025-09-08 13:40:34,585 - WARNING - findfont: Font family 'Heiti TC' not found.
2025-09-08 13:40:34,587 - WARNING - findfont: Font family 'WenQuanYi Micro Hei' not found.
2025-09-08 13:40:34,587 - WARNING - findfont: Font family 'Heiti TC' not found.
2025-09-08 13:40:34,590 - WARNING - findfont: Font family 'WenQuanYi Micro Hei' not found.
2025-09-08 13:40:34,591 - WARNING - findfont: Font family 'Heiti TC' not found.
2025-09-08 13:40:34,608 - WARNING - findfont: Font family 'WenQuanYi Micro Hei' not found.
2025-09-08 13:40:34,609 - WARNING - findfont: Font family 'Heiti TC' not found.
2025-09-08 13:40:34,617 - WARNING - findfont: Font family 'WenQuanYi Micro Hei' not found.
2025-09-08 13:40:34,617 - WARNING - findfont: Font family 'Heiti TC' not found.
2025-09-08 13:40:34,646 - WARNING - findfont: Font family 'WenQuanYi Micro Hei' not found.
2025-09-08 13:40:34,647 - WARNING - findfont: Font family 'Heiti TC' not found.
2025-09-08 13:40:34,649 - WARNING - findfont: Font family 'WenQuanYi Micro Hei' not found.
2025-09-08 13:40:34,650 - WARNING - findfont: Font family 'Heiti TC' not found.
2025-09-08 13:40:34,651 - WARNING - findfont: Font family 'WenQuanYi Micro Hei' not found.
2025-09-08 13:40:34,652 - WARNING - findfont: Font family 'Heiti TC' not found.
2025-09-08 13:40:34,655 - WARNING - findfont: Font family 'WenQuanYi Micro Hei' not found.
2025-09-08 13:40:34,655 - WARNING - findfont: Font family 'Heiti TC' not found.
2025-09-08 13:40:34,658 - WARNING - findfont: Font family 'WenQuanYi Micro Hei' not found.
2025-09-08 13:40:34,658 - WARNING - findfont: Font family 'Heiti TC' not found.
2025-09-08 13:40:34,662 - WARNING - findfont: Font family 'WenQuanYi Micro Hei' not found.
2025-09-08 13:40:34,663 - WARNING - findfont: Font family 'Heiti TC' not found.
2025-09-08 13:40:34,665 - WARNING - findfont: Font family 'WenQuanYi Micro Hei' not found.
2025-09-08 13:40:34,666 - WARNING - findfont: Font family 'Heiti TC' not found.
2025-09-08 13:40:34,668 - WARNING - findfont: Font family 'WenQuanYi Micro Hei' not found.
2025-09-08 13:40:34,669 - WARNING - findfont: Font family 'Heiti TC' not found.
2025-09-08 13:40:34,682 - WARNING - findfont: Font family 'WenQuanYi Micro Hei' not found.
2025-09-08 13:40:34,683 - WARNING - findfont: Font family 'Heiti TC' not found.
2025-09-08 13:40:34,686 - WARNING - findfont: Font family 'WenQuanYi Micro Hei' not found.
2025-09-08 13:40:34,686 - WARNING - findfont: Font family 'Heiti TC' not found.
2025-09-08 13:40:34,689 - WARNING - findfont: Font family 'WenQuanYi Micro Hei' not found.
2025-09-08 13:40:34,690 - WARNING - findfont: Font family 'Heiti TC' not found.
2025-09-08 13:40:34,692 - WARNING - findfont: Font family 'WenQuanYi Micro Hei' not found.
2025-09-08 13:40:34,693 - WARNING - findfont: Font family 'Heiti TC' not found.
2025-09-08 13:40:34,694 - WARNING - findfont: Font family 'WenQuanYi Micro Hei' not found.
2025-09-08 13:40:34,695 - WARNING - findfont: Font family 'Heiti TC' not found.
2025-09-08 13:40:34,703 - WARNING - findfont: Font family 'WenQuanYi Micro Hei' not found.
2025-09-08 13:40:34,703 - WARNING - findfont: Font family 'Heiti TC' not found.
2025-09-08 13:40:34,711 - WARNING - findfont: Font family 'WenQuanYi Micro Hei' not found.
2025-09-08 13:40:34,712 - WARNING - findfont: Font family 'Heiti TC' not found.
2025-09-08 13:40:35,369 - INFO - 手动绘制的敏感性指数图已保存为 sobol_sensitivity_manual.png
